Wed, 08 Dec 2021 18:48:14 GMT | INFO  | Server is running on port: 3000
Wed, 08 Dec 2021 18:48:15 GMT | INFO  | Connected to database
Wed, 08 Dec 2021 18:53:05 GMT | INFO  | Server is running on port: 3000
Wed, 08 Dec 2021 18:53:05 GMT | INFO  | Connected to database
Wed, 08 Dec 2021 18:54:38 GMT | INFO  | Server is running on port: 3000
Wed, 08 Dec 2021 18:54:39 GMT | INFO  | Connected to database
Wed, 08 Dec 2021 19:00:34 GMT | INFO  | Server is running on port: 3000
Wed, 08 Dec 2021 19:00:35 GMT | INFO  | Connected to database
Thu, 09 Dec 2021 19:06:23 GMT | INFO  | Server is running on port: 3000
Thu, 09 Dec 2021 19:06:23 GMT | INFO  | Connected to database
Thu, 09 Dec 2021 19:07:13 GMT | INFO  | Server is running on port: 3000
Thu, 09 Dec 2021 19:07:13 GMT | INFO  | Connected to database
Thu, 09 Dec 2021 19:11:31 GMT | INFO  | Server is running on port: 3000
Thu, 09 Dec 2021 19:11:32 GMT | INFO  | Connected to database
Thu, 09 Dec 2021 19:14:35 GMT | INFO  | Server is running on port: 3000
Thu, 09 Dec 2021 19:14:40 GMT | INFO  | Connected to database
Thu, 09 Dec 2021 19:15:42 GMT | INFO  | Server is running on port: 3000
Thu, 09 Dec 2021 19:15:43 GMT | INFO  | Connected to database
Thu, 09 Dec 2021 19:22:43 GMT | INFO  | Server is running on port: 3000
Thu, 09 Dec 2021 19:22:44 GMT | INFO  | Connected to database
Thu, 09 Dec 2021 19:25:03 GMT | INFO  | Server is running on port: 3000
Thu, 09 Dec 2021 19:25:03 GMT | INFO  | Connected to database
Thu, 09 Dec 2021 19:27:53 GMT | INFO  | Server is running on port: 3000
Thu, 09 Dec 2021 19:27:54 GMT | INFO  | Connected to database
Thu, 09 Dec 2021 19:30:57 GMT | INFO  | Server is running on port: 3000
Thu, 09 Dec 2021 19:30:58 GMT | INFO  | Connected to database
Thu, 09 Dec 2021 19:38:24 GMT | INFO  | Server is running on port: 3000
Thu, 09 Dec 2021 19:38:25 GMT | INFO  | Connected to database
Thu, 09 Dec 2021 19:39:05 GMT | INFO  | Server is running on port: 3000
Thu, 09 Dec 2021 19:39:05 GMT | INFO  | Connected to database
Thu, 09 Dec 2021 23:49:48 GMT | INFO  | Server is running on port: 3000
Thu, 09 Dec 2021 23:49:48 GMT | INFO  | Connected to database
Fri, 10 Dec 2021 00:27:36 GMT | INFO  | Server is running on port: 3000
Fri, 10 Dec 2021 00:27:37 GMT | INFO  | Connected to database
Fri, 10 Dec 2021 03:03:05 GMT | INFO  | Server is running on port: 3000
Fri, 10 Dec 2021 03:03:06 GMT | INFO  | Connected to database
Fri, 10 Dec 2021 20:27:33 GMT | INFO  | Server is running on port: 3000
Fri, 10 Dec 2021 20:27:33 GMT | INFO  | Connected to database
Fri, 10 Dec 2021 23:09:33 GMT | INFO  | Server is running on port: 3000
Fri, 10 Dec 2021 23:09:34 GMT | INFO  | Connected to database
Fri, 10 Dec 2021 23:10:21 GMT | INFO  | Server is running on port: 3000
Fri, 10 Dec 2021 23:10:22 GMT | INFO  | Connected to database
Fri, 10 Dec 2021 23:37:32 GMT | INFO  | Server is running on port: 3000
Fri, 10 Dec 2021 23:37:33 GMT | INFO  | Connected to database
Fri, 10 Dec 2021 23:40:02 GMT | INFO  | Server is running on port: 3000
Fri, 10 Dec 2021 23:40:03 GMT | INFO  | Connected to database
Fri, 10 Dec 2021 23:41:12 GMT | INFO  | Server is running on port: 3000
Fri, 10 Dec 2021 23:41:13 GMT | INFO  | Connected to database
Fri, 10 Dec 2021 23:42:47 GMT | INFO  | Server is running on port: 3000
Fri, 10 Dec 2021 23:42:47 GMT | INFO  | Connected to database
Fri, 10 Dec 2021 23:43:08 GMT | INFO  | Server is running on port: 3000
Fri, 10 Dec 2021 23:43:23 GMT | INFO  | Connected to database
Fri, 10 Dec 2021 23:43:51 GMT | INFO  | Server is running on port: 3000
Fri, 10 Dec 2021 23:44:06 GMT | INFO  | Connected to database
Fri, 10 Dec 2021 23:44:16 GMT | INFO  | Server is running on port: 3000
Fri, 10 Dec 2021 23:44:23 GMT | INFO  | Connected to database
Fri, 10 Dec 2021 23:46:02 GMT | INFO  | Server is running on port: 3000
Fri, 10 Dec 2021 23:46:03 GMT | INFO  | Connected to database
Fri, 10 Dec 2021 23:57:35 GMT | INFO  | Server is running on port: 3000
Fri, 10 Dec 2021 23:57:35 GMT | INFO  | Connected to database
Sat, 11 Dec 2021 00:01:53 GMT | INFO  | Server is running on port: 3000
Sat, 11 Dec 2021 00:01:53 GMT | INFO  | Connected to database
Sat, 11 Dec 2021 01:27:41 GMT | INFO  | Server is running on port: 3000
Sat, 11 Dec 2021 01:27:42 GMT | INFO  | Connected to database
Sat, 11 Dec 2021 01:45:33 GMT | INFO  | Server is running on port: 3000
Sat, 11 Dec 2021 01:45:34 GMT | INFO  | Connected to database
Sat, 11 Dec 2021 01:47:29 GMT | INFO  | Server is running on port: 3000
Sat, 11 Dec 2021 01:47:30 GMT | INFO  | Connected to database
Sat, 11 Dec 2021 01:54:25 GMT | INFO  | Server is running on port: 3000
Sat, 11 Dec 2021 01:54:26 GMT | INFO  | Connected to database
Sat, 11 Dec 2021 01:56:09 GMT | INFO  | Server is running on port: 3000
Sat, 11 Dec 2021 01:56:09 GMT | INFO  | Connected to database
Sat, 11 Dec 2021 01:56:29 GMT | INFO  | Server is running on port: 3000
Sat, 11 Dec 2021 01:56:29 GMT | INFO  | Connected to database
Sat, 11 Dec 2021 01:58:40 GMT | INFO  | Server is running on port: 3000
Sat, 11 Dec 2021 01:58:40 GMT | INFO  | Connected to database
Sat, 11 Dec 2021 02:01:27 GMT | INFO  | Server is running on port: 3000
Sat, 11 Dec 2021 02:01:27 GMT | INFO  | Connected to database
Sat, 11 Dec 2021 02:09:28 GMT | INFO  | Server is running on port: 3000
Sat, 11 Dec 2021 02:09:28 GMT | INFO  | Connected to database
Sat, 11 Dec 2021 02:10:48 GMT | INFO  | Server is running on port: 3000
Sat, 11 Dec 2021 02:10:49 GMT | INFO  | Connected to database
Sat, 11 Dec 2021 02:11:45 GMT | INFO  | Server is running on port: 3000
Sat, 11 Dec 2021 02:11:45 GMT | INFO  | Connected to database
Sat, 11 Dec 2021 02:12:28 GMT | INFO  | Server is running on port: 3000
Sat, 11 Dec 2021 02:12:28 GMT | INFO  | Connected to database
Sat, 11 Dec 2021 02:13:09 GMT | INFO  | Server is running on port: 3000
Sat, 11 Dec 2021 02:13:10 GMT | INFO  | Connected to database
Sat, 11 Dec 2021 02:13:33 GMT | INFO  | Server is running on port: 3000
Sat, 11 Dec 2021 02:13:34 GMT | INFO  | Connected to database
Sat, 11 Dec 2021 02:14:02 GMT | INFO  | Server is running on port: 3000
Sat, 11 Dec 2021 02:14:03 GMT | INFO  | Connected to database
Sat, 11 Dec 2021 02:14:35 GMT | INFO  | Server is running on port: 3000
Sat, 11 Dec 2021 02:14:35 GMT | INFO  | Connected to database
Sat, 11 Dec 2021 02:16:01 GMT | INFO  | Server is running on port: 3000
Sat, 11 Dec 2021 02:16:01 GMT | INFO  | Connected to database
Sat, 11 Dec 2021 02:16:29 GMT | INFO  | Server is running on port: 3000
Sat, 11 Dec 2021 02:16:30 GMT | INFO  | Connected to database
Sat, 11 Dec 2021 02:20:32 GMT | INFO  | Server is running on port: 3000
Sat, 11 Dec 2021 02:20:32 GMT | INFO  | Connected to database
Sat, 11 Dec 2021 02:21:59 GMT | INFO  | Server is running on port: 3000
Sat, 11 Dec 2021 02:21:59 GMT | INFO  | Connected to database
Sat, 11 Dec 2021 02:23:03 GMT | INFO  | Server is running on port: 3000
Sat, 11 Dec 2021 02:23:03 GMT | INFO  | Connected to database
Sat, 11 Dec 2021 02:36:21 GMT | INFO  | Server is running on port: 3000
Sat, 11 Dec 2021 02:36:21 GMT | INFO  | Connected to database
Sat, 11 Dec 2021 02:42:30 GMT | INFO  | Server is running on port: 3000
Sat, 11 Dec 2021 02:42:31 GMT | INFO  | Connected to database
Wed, 15 Dec 2021 21:09:42 GMT | INFO  | Server is running on port: 3000
Wed, 15 Dec 2021 21:09:42 GMT | INFO  | Connected to database
Wed, 15 Dec 2021 22:29:37 GMT | INFO  | Server is running on port: 3000
Wed, 15 Dec 2021 22:29:37 GMT | INFO  | Connected to database
Thu, 16 Dec 2021 03:59:32 GMT | INFO  | Server is running on port: 3000
Thu, 16 Dec 2021 03:59:32 GMT | INFO  | Connected to database
Thu, 16 Dec 2021 05:12:29 GMT | INFO  | Server is running on port: 3000
Thu, 16 Dec 2021 05:12:30 GMT | INFO  | Connected to database
